{"C:\\Users\\coleb\\OneDrive\\Desktop\\UnitTest\\Javascript\\carforsale.js": {"path":"C:\\Users\\coleb\\OneDrive\\Desktop\\UnitTest\\Javascript\\carforsale.js","statementMap":{"0":{"start":{"line":2,"column":15},"end":{"line":2,"column":16}},"1":{"start":{"line":3,"column":13},"end":{"line":3,"column":29}},"2":{"start":{"line":4,"column":11},"end":{"line":4,"column":16}},"3":{"start":{"line":5,"column":12},"end":{"line":5,"column":44}},"4":{"start":{"line":7,"column":0},"end":{"line":7,"column":42}},"5":{"start":{"line":8,"column":0},"end":{"line":8,"column":40}},"6":{"start":{"line":12,"column":0},"end":{"line":12,"column":28}}},"fnMap":{"0":{"name":"carForSale","decl":{"start":{"line":1,"column":9},"end":{"line":1,"column":19}},"loc":{"start":{"line":1,"column":21},"end":{"line":9,"column":1}},"line":1}},"branchMap":{},"s":{"0":1,"1":1,"2":1,"3":1,"4":1,"5":1,"6":1},"f":{"0":1},"b":{},"_coverageSchema":"1a1c01bbd47fc00a2c39e90264f33305004495a9","hash":"c41462642ec6e0255862b0e1f6ee884d0e5765e5"}
,"C:\\Users\\coleb\\OneDrive\\Desktop\\UnitTest\\Javascript\\decendNumbers.js": {"path":"C:\\Users\\coleb\\OneDrive\\Desktop\\UnitTest\\Javascript\\decendNumbers.js","statementMap":{"0":{"start":{"line":2,"column":17},"end":{"line":2,"column":42}},"1":{"start":{"line":2,"column":36},"end":{"line":2,"column":41}},"2":{"start":{"line":3,"column":4},"end":{"line":3,"column":24}},"3":{"start":{"line":4,"column":4},"end":{"line":4,"column":18}},"4":{"start":{"line":7,"column":0},"end":{"line":7,"column":31}}},"fnMap":{"0":{"name":"decendNumbers","decl":{"start":{"line":1,"column":9},"end":{"line":1,"column":22}},"loc":{"start":{"line":1,"column":28},"end":{"line":5,"column":1}},"line":1},"1":{"name":"(anonymous_1)","decl":{"start":{"line":2,"column":26},"end":{"line":2,"column":27}},"loc":{"start":{"line":2,"column":36},"end":{"line":2,"column":41}},"line":2}},"branchMap":{},"s":{"0":1,"1":8,"2":1,"3":1,"4":1},"f":{"0":1,"1":8},"b":{},"_coverageSchema":"1a1c01bbd47fc00a2c39e90264f33305004495a9","hash":"25ff248a389c312d8cbe672d3064ef26cab84aa6"}
,"C:\\Users\\coleb\\OneDrive\\Desktop\\UnitTest\\Javascript\\registration.js": {"path":"C:\\Users\\coleb\\OneDrive\\Desktop\\UnitTest\\Javascript\\registration.js","statementMap":{"0":{"start":{"line":2,"column":4},"end":{"line":2,"column":110}},"1":{"start":{"line":5,"column":0},"end":{"line":5,"column":30}}},"fnMap":{"0":{"name":"registration","decl":{"start":{"line":1,"column":9},"end":{"line":1,"column":21}},"loc":{"start":{"line":1,"column":59},"end":{"line":3,"column":1}},"line":1}},"branchMap":{},"s":{"0":1,"1":1},"f":{"0":1},"b":{},"_coverageSchema":"1a1c01bbd47fc00a2c39e90264f33305004495a9","hash":"71393d8f8d33ff32b5a6aeaff57ec6f0571884ca"}
,"C:\\Users\\coleb\\OneDrive\\Desktop\\UnitTest\\Javascript\\snacks.js": {"path":"C:\\Users\\coleb\\OneDrive\\Desktop\\UnitTest\\Javascript\\snacks.js","statementMap":{"0":{"start":{"line":2,"column":4},"end":{"line":2,"column":51}},"1":{"start":{"line":5,"column":0},"end":{"line":5,"column":24}}},"fnMap":{"0":{"name":"snacks","decl":{"start":{"line":1,"column":9},"end":{"line":1,"column":15}},"loc":{"start":{"line":1,"column":18},"end":{"line":3,"column":1}},"line":1}},"branchMap":{},"s":{"0":1,"1":1},"f":{"0":1},"b":{},"_coverageSchema":"1a1c01bbd47fc00a2c39e90264f33305004495a9","hash":"22804cf3f6aee3f6db2517084e4ab8bef5d48c13"}
}
