TN:
SF:Javascript\carforsale.js
FN:1,carForSale
FNF:1
FNH:1
FNDA:1,carForSale
DA:2,1
DA:3,1
DA:4,1
DA:5,1
DA:7,1
DA:8,1
DA:12,1
LF:7
LH:7
BRF:0
BRH:0
end_of_record
TN:
SF:Javascript\decendNumbers.js
FN:1,decendNumbers
FN:2,(anonymous_1)
FNF:2
FNH:2
FNDA:1,decendNumbers
FNDA:8,(anonymous_1)
DA:2,8
DA:3,1
DA:4,1
DA:7,1
LF:4
LH:4
BRF:0
BRH:0
end_of_record
TN:
SF:Javascript\registration.js
FN:1,registration
FNF:1
FNH:1
FNDA:1,registration
DA:2,1
DA:5,1
LF:2
LH:2
BRF:0
BRH:0
end_of_record
TN:
SF:Javascript\snacks.js
FN:1,snacks
FNF:1
FNH:1
FNDA:1,snacks
DA:2,1
DA:5,1
LF:2
LH:2
BRF:0
BRH:0
end_of_record
